<<<<<<< HEAD
﻿Build started 27.12.2016 18:19:27.
     1>Project "C:\Users\USER\Documents\GitHub\OOP_Project_Online_Book_Store\OOP_Project_Online_Book_Store\OOP_Project_Online_Book_Store.vcxproj" on node 2 (Build target(s)).
     1>ClCompile:
         C:\Program Files (x86)\Microsoft Visual Studio 14.0\VC\bin\x86_amd64\CL.exe /c /ZI /nologo /W3 /WX- /sdl /Od /D _MBCS /Gm /EHsc /RTC1 /MDd /GS /fp:precise /Zc:wchar_t /Zc:forScope /Zc:inline /Fo"x64\Debug\\" /Fd"x64\Debug\vc140.pdb" /Gd /TP /errorReport:prompt Product.cpp
         Product.cpp
       Link:
         C:\Program Files (x86)\Microsoft Visual Studio 14.0\VC\bin\x86_amd64\link.exe /ERRORREPORT:PROMPT /OUT:"C:\Users\USER\Documents\GitHub\OOP_Project_Online_Book_Store\x64\Debug\OOP_Project_Online_Book_Store.exe" /INCREMENTAL /NOLOGO kernel32.lib user32.lib gdi32.lib winspool.lib comdlg32.lib advapi32.lib shell32.lib ole32.lib oleaut32.lib uuid.lib odbc32.lib odbccp32.lib /MANIFEST /MANIFESTUAC:"level='asInvoker' uiAccess='false'" /manifest:embed /Debug /PDB:"C:\Users\USER\Documents\GitHub\OOP_Project_Online_Book_Store\x64\Debug\OOP_Project_Online_Book_Store.pdb" /TLBID:1 /DYNAMICBASE /NXCOMPAT /IMPLIB:"C:\Users\USER\Documents\GitHub\OOP_Project_Online_Book_Store\x64\Debug\OOP_Project_Online_Book_Store.lib" /MACHINE:X64 x64\Debug\Book.obj
         x64\Debug\Cash.obj
         x64\Debug\Check.obj
         x64\Debug\CreditCard.obj
         x64\Debug\Customer.obj
         x64\Debug\CustomerButton.obj
         x64\Debug\Magazine.obj
         x64\Debug\MainProgramme.obj
         x64\Debug\MusicCD.obj
         x64\Debug\Payment.obj
         x64\Debug\Product.obj
         x64\Debug\ProductButton.obj
         x64\Debug\ProductToPurchase.obj
         x64\Debug\ShoppingCart.obj
         OOP_Project_Online_Book_Store.vcxproj -> C:\Users\USER\Documents\GitHub\OOP_Project_Online_Book_Store\x64\Debug\OOP_Project_Online_Book_Store.exe
     1>Done Building Project "C:\Users\USER\Documents\GitHub\OOP_Project_Online_Book_Store\OOP_Project_Online_Book_Store\OOP_Project_Online_Book_Store.vcxproj" (Build target(s)).

Build succeeded.

Time Elapsed 00:00:01.54
=======
﻿Build started 25.12.2016 16:16:08.
     1>Project "C:\Users\Tahir\Documents\GitHub\OOP_Project_Online_Book_Store\OOP_Project_Online_Book_Store\OOP_Project_Online_Book_Store.vcxproj" on node 2 (Build target(s)).
     1>ClCompile:
         C:\Program Files (x86)\Microsoft Visual Studio 14.0\VC\bin\x86_amd64\CL.exe /c /ZI /nologo /W3 /WX- /sdl /Od /D _MBCS /Gm /EHsc /RTC1 /MDd /GS /fp:precise /Zc:wchar_t /Zc:forScope /Zc:inline /Fo"x64\Debug\\" /Fd"x64\Debug\vc140.pdb" /Gd /TP /errorReport:prompt ShoppingCart.cpp
         ShoppingCart.cpp
     1>c:\program files (x86)\microsoft visual studio 14.0\vc\include\xutility(3134): error C2446: '==': no conversion from 'Product *const ' to 'ProductToPurchase *'
         c:\program files (x86)\microsoft visual studio 14.0\vc\include\xutility(3134): note: Types pointed to are unrelated; conversion requires reinterpret_cast, C-style cast or function-style cast
         c:\program files (x86)\microsoft visual studio 14.0\vc\include\xutility(3153): note: see reference to function template instantiation '_InIt std::_Find<_InIt,_Ty>(_InIt,_InIt,const _Ty &,std::false_type)' being compiled
                 with
                 [
                     _InIt=std::_List_unchecked_iterator<std::_List_val<std::_List_simple_types<ProductToPurchase *>>>,
                     _Ty=Product *
                 ]
         c:\program files (x86)\microsoft visual studio 14.0\vc\include\xutility(3162): note: see reference to function template instantiation '_InIt std::_Find<std::_List_unchecked_iterator<std::_List_val<std::_List_simple_types<ProductToPurchase *>>>,_Ty>(_InIt,_InIt,const _Ty &)' being compiled
                 with
                 [
                     _InIt=std::_List_unchecked_iterator<std::_List_val<std::_List_simple_types<ProductToPurchase *>>>,
                     _Ty=Product *
                 ]
         c:\users\tahir\documents\github\oop_project_online_book_store\oop_project_online_book_store\shoppingcart.cpp(62): note: see reference to function template instantiation '_InIt std::find<std::_List_iterator<std::_List_val<std::_List_simple_types<ProductToPurchase *>>>,Product*>(_InIt,_InIt,const _Ty &)' being compiled
                 with
                 [
                     _InIt=std::_List_iterator<std::_List_val<std::_List_simple_types<ProductToPurchase *>>>,
                     _Ty=Product *
                 ]
     1>c:\program files (x86)\microsoft visual studio 14.0\vc\include\xutility(3134): error C2440: '==': cannot convert from 'Product *const ' to 'ProductToPurchase *'
     1>Done Building Project "C:\Users\Tahir\Documents\GitHub\OOP_Project_Online_Book_Store\OOP_Project_Online_Book_Store\OOP_Project_Online_Book_Store.vcxproj" (Build target(s)) -- FAILED.

Build FAILED.

Time Elapsed 00:00:00.52
>>>>>>> origin/master
